# JRE version: OpenJDK Runtime Environment (8.0_342-b07) (build 1.8.0_342-8u342-b07-0ubuntu1~20.04-b07)
# Java VM: OpenJDK 64-Bit Server VM (25.342-b07 mixed mode linux-amd64 compressed oops)
Heap:
 PSYoungGen      total 868864K, used 727537K [0x0000000783d80000, 0x00000007bca80000, 0x00000007c0000000)
  eden space 835072K, 83% used [0x0000000783d80000,0x00000007ae357b10,0x00000007b6d00000)
  from space 33792K, 98% used [0x00000007b9380000,0x00000007bb424a10,0x00000007bb480000)
  to   space 22528K, 0% used [0x00000007bb480000,0x00000007bb480000,0x00000007bca80000)
 ParOldGen       total 104960K, used 57250K [0x000000070b800000, 0x0000000711e80000, 0x0000000783d80000)
  object space 104960K, 54% used [0x000000070b800000,0x000000070efe8938,0x0000000711e80000)
 Metaspace       used 55421K, capacity 57986K, committed 58112K, reserved 1099776K
  class space    used 6870K, capacity 7373K, committed 7424K, reserved 1048576K
GC Heap History (10 events):
Event: 185.685 GC heap before
{Heap before GC invocations=59 (full 2):
 PSYoungGen      total 941568K, used 933620K [0x0000000783d80000, 0x00000007bfe00000, 0x00000007c0000000)
  eden space 899584K, 100% used [0x0000000783d80000,0x00000007bac00000,0x00000007bac00000)
  from space 41984K, 81% used [0x00000007bd480000,0x00000007bf5bd090,0x00000007bfd80000)
  to   space 41472K, 0% used [0x00000007bac00000,0x00000007bac00000,0x00000007bd480000)
 ParOldGen       total 104960K, used 34467K [0x000000070b800000, 0x0000000711e80000, 0x0000000783d80000)
  object space 104960K, 32% used [0x000000070b800000,0x000000070d9a8cd8,0x0000000711e80000)
 Metaspace       used 54893K, capacity 57452K, committed 57600K, reserved 1099776K
  class space    used 6836K, capacity 7328K, committed 7424K, reserved 1048576K
Event: 185.702 GC heap after
Heap after GC invocations=59 (full 2):
 PSYoungGen      total 941056K, used 34105K [0x0000000783d80000, 0x00000007bfe80000, 0x00000007c0000000)
  eden space 899584K, 0% used [0x0000000783d80000,0x0000000783d80000,0x00000007bac00000)
  from space 41472K, 82% used [0x00000007bac00000,0x00000007bcd4e7b8,0x00000007bd480000)
  to   space 40960K, 0% used [0x00000007bd680000,0x00000007bd680000,0x00000007bfe80000)
 ParOldGen       total 104960K, used 35148K [0x000000070b800000, 0x0000000711e80000, 0x0000000783d80000)
  object space 104960K, 33% used [0x000000070b800000,0x000000070da53098,0x0000000711e80000)
 Metaspace       used 54893K, capacity 57452K, committed 57600K, reserved 1099776K
  class space    used 6836K, capacity 7328K, committed 7424K, reserved 1048576K
}
Event: 189.154 GC heap before
{Heap before GC invocations=60 (full 2):
 PSYoungGen      total 941056K, used 933689K [0x0000000783d80000, 0x00000007bfe80000, 0x00000007c0000000)
  eden space 899584K, 100% used [0x0000000783d80000,0x00000007bac00000,0x00000007bac00000)
  from space 41472K, 82% used [0x00000007bac00000,0x00000007bcd4e7b8,0x00000007bd480000)
  to   space 40960K, 0% used [0x00000007bd680000,0x00000007bd680000,0x00000007bfe80000)
 ParOldGen       total 104960K, used 35148K [0x000000070b800000, 0x0000000711e80000, 0x0000000783d80000)
  object space 104960K, 33% used [0x000000070b800000,0x000000070da53098,0x0000000711e80000)
 Metaspace       used 54920K, capacity 57452K, committed 57600K, reserved 1099776K
  class space    used 6836K, capacity 7328K, committed 7424K, reserved 1048576K
Event: 189.169 GC heap after
Heap after GC invocations=60 (full 2):
 PSYoungGen      total 892928K, used 33280K [0x0000000783d80000, 0x00000007bf780000, 0x00000007c0000000)
  eden space 859136K, 0% used [0x0000000783d80000,0x0000000783d80000,0x00000007b8480000)
  from space 33792K, 98% used [0x00000007bd680000,0x00000007bf700050,0x00000007bf780000)
  to   space 40448K, 0% used [0x00000007ba880000,0x00000007ba880000,0x00000007bd000000)
 ParOldGen       total 104960K, used 35805K [0x000000070b800000, 0x0000000711e80000, 0x0000000783d80000)
  object space 104960K, 34% used [0x000000070b800000,0x000000070daf7418,0x0000000711e80000)
 Metaspace       used 54920K, capacity 57452K, committed 57600K, reserved 1099776K
  class space    used 6836K, capacity 7328K, committed 7424K, reserved 1048576K
}
Event: 192.363 GC heap before
{Heap before GC invocations=61 (full 2):
 PSYoungGen      total 892928K, used 892416K [0x0000000783d80000, 0x00000007bf780000, 0x00000007c0000000)
  eden space 859136K, 100% used [0x0000000783d80000,0x00000007b8480000,0x00000007b8480000)
  from space 33792K, 98% used [0x00000007bd680000,0x00000007bf700050,0x00000007bf780000)
  to   space 40448K, 0% used [0x00000007ba880000,0x00000007ba880000,0x00000007bd000000)
 ParOldGen       total 104960K, used 35805K [0x000000070b800000, 0x0000000711e80000, 0x0000000783d80000)
  object space 104960K, 34% used [0x000000070b800000,0x000000070daf7418,0x0000000711e80000)
 Metaspace       used 54948K, capacity 57464K, committed 57600K, reserved 1099776K
  class space    used 6837K, capacity 7330K, committed 7424K, reserved 1048576K
Event: 192.382 GC heap after
Heap after GC invocations=61 (full 2):
 PSYoungGen      total 854528K, used 34163K [0x0000000783d80000, 0x00000007bd700000, 0x00000007c0000000)
  eden space 820224K, 0% used [0x0000000783d80000,0x0000000783d80000,0x00000007b5e80000)
  from space 34304K, 99% used [0x00000007ba880000,0x00000007bc9dce40,0x00000007bca00000)
  to   space 13312K, 0% used [0x00000007bca00000,0x00000007bca00000,0x00000007bd700000)
 ParOldGen       total 104960K, used 36477K [0x000000070b800000, 0x0000000711e80000, 0x0000000783d80000)
  object space 104960K, 34% used [0x000000070b800000,0x000000070db9f798,0x0000000711e80000)
 Metaspace       used 54948K, capacity 57464K, committed 57600K, reserved 1099776K
  class space    used 6837K, capacity 7330K, committed 7424K, reserved 1048576K
}
Event: 195.268 GC heap before
{Heap before GC invocations=62 (full 2):
 PSYoungGen      total 854528K, used 854387K [0x0000000783d80000, 0x00000007bd700000, 0x00000007c0000000)
  eden space 820224K, 100% used [0x0000000783d80000,0x00000007b5e80000,0x00000007b5e80000)
  from space 34304K, 99% used [0x00000007ba880000,0x00000007bc9dce40,0x00000007bca00000)
  to   space 13312K, 0% used [0x00000007bca00000,0x00000007bca00000,0x00000007bd700000)
 ParOldGen       total 104960K, used 36477K [0x000000070b800000, 0x0000000711e80000, 0x0000000783d80000)
  object space 104960K, 34% used [0x000000070b800000,0x000000070db9f798,0x0000000711e80000)
 Metaspace       used 54963K, capacity 57464K, committed 57600K, reserved 1099776K
  class space    used 6837K, capacity 7330K, committed 7424K, reserved 1048576K
Event: 195.287 GC heap after
Heap after GC invocations=62 (full 2):
 PSYoungGen      total 887808K, used 13305K [0x0000000783d80000, 0x00000007be080000, 0x00000007c0000000)
  eden space 874496K, 0% used [0x0000000783d80000,0x0000000783d80000,0x00000007b9380000)
  from space 13312K, 99% used [0x00000007bca00000,0x00000007bd6fe520,0x00000007bd700000)
  to   space 39424K, 0% used [0x00000007b9380000,0x00000007b9380000,0x00000007bba00000)
 ParOldGen       total 104960K, used 56016K [0x000000070b800000, 0x0000000711e80000, 0x0000000783d80000)
  object space 104960K, 53% used [0x000000070b800000,0x000000070eeb41b8,0x0000000711e80000)
 Metaspace       used 54963K, capacity 57464K, committed 57600K, reserved 1099776K
  class space    used 6837K, capacity 7330K, committed 7424K, reserved 1048576K
}
Event: 198.371 GC heap before
{Heap before GC invocations=63 (full 2):
 PSYoungGen      total 887808K, used 887801K [0x0000000783d80000, 0x00000007be080000, 0x00000007c0000000)
  eden space 874496K, 100% used [0x0000000783d80000,0x00000007b9380000,0x00000007b9380000)
  from space 13312K, 99% used [0x00000007bca00000,0x00000007bd6fe520,0x00000007bd700000)
  to   space 39424K, 0% used [0x00000007b9380000,0x00000007b9380000,0x00000007bba00000)
 ParOldGen       total 104960K, used 56016K [0x000000070b800000, 0x0000000711e80000, 0x0000000783d80000)
  object space 104960K, 53% used [0x000000070b800000,0x000000070eeb41b8,0x0000000711e80000)
 Metaspace       used 54964K, capacity 57464K, committed 57600K, reserved 1099776K
  class space    used 6837K, capacity 7330K, committed 7424K, reserved 1048576K
Event: 198.386 GC heap after
Heap after GC invocations=63 (full 2):
 PSYoungGen      total 868864K, used 33426K [0x0000000783d80000, 0x00000007bca80000, 0x00000007c0000000)
  eden space 835072K, 0% used [0x0000000783d80000,0x0000000783d80000,0x00000007b6d00000)
  from space 33792K, 98% used [0x00000007b9380000,0x00000007bb424a10,0x00000007bb480000)
  to   space 22528K, 0% used [0x00000007bb480000,0x00000007bb480000,0x00000007bca80000)
 ParOldGen       total 104960K, used 57250K [0x000000070b800000, 0x0000000711e80000, 0x0000000783d80000)
  object space 104960K, 54% used [0x000000070b800000,0x000000070efe8938,0x0000000711e80000)
 Metaspace       used 54964K, capacity 57464K, committed 57600K, reserved 1099776K
  class space    used 6837K, capacity 7330K, committed 7424K, reserved 1048576K
}

