# JRE version: OpenJDK Runtime Environment (8.0_342-b07) (build 1.8.0_342-8u342-b07-0ubuntu1~20.04-b07)
# Java VM: OpenJDK 64-Bit Server VM (25.342-b07 mixed mode linux-amd64 compressed oops)
Heap:
 PSYoungGen      total 807936K, used 451009K [0x0000000783d80000, 0x00000007b7000000, 0x00000007c0000000)
  eden space 778752K, 55% used [0x0000000783d80000,0x000000079e24e988,0x00000007b3600000)
  from space 29184K, 68% used [0x00000007b5380000,0x00000007b6721d30,0x00000007b7000000)
  to   space 29696K, 0% used [0x00000007b3600000,0x00000007b3600000,0x00000007b5300000)
 ParOldGen       total 86016K, used 22888K [0x000000070b800000, 0x0000000710c00000, 0x0000000783d80000)
  object space 86016K, 26% used [0x000000070b800000,0x000000070ce5a348,0x0000000710c00000)
 Metaspace       used 52350K, capacity 54582K, committed 54744K, reserved 1097728K
  class space    used 6675K, capacity 7111K, committed 7128K, reserved 1048576K
GC Heap History (10 events):
Event: 47.276 GC heap before
{Heap before GC invocations=28 (full 2):
 PSYoungGen      total 652288K, used 647790K [0x0000000783d80000, 0x00000007b0100000, 0x00000007c0000000)
  eden space 629760K, 100% used [0x0000000783d80000,0x00000007aa480000,0x00000007aa480000)
  from space 22528K, 80% used [0x00000007aa480000,0x00000007ab61b8a0,0x00000007aba80000)
  to   space 23552K, 0% used [0x00000007aea00000,0x00000007aea00000,0x00000007b0100000)
 ParOldGen       total 86016K, used 22192K [0x000000070b800000, 0x0000000710c00000, 0x0000000783d80000)
  object space 86016K, 25% used [0x000000070b800000,0x000000070cdac298,0x0000000710c00000)
 Metaspace       used 51578K, capacity 53840K, committed 53976K, reserved 1095680K
  class space    used 6657K, capacity 7078K, committed 7128K, reserved 1048576K
Event: 47.296 GC heap after
Heap after GC invocations=28 (full 2):
 PSYoungGen      total 699392K, used 19426K [0x0000000783d80000, 0x00000007b0380000, 0x00000007c0000000)
  eden space 675840K, 0% used [0x0000000783d80000,0x0000000783d80000,0x00000007ad180000)
  from space 23552K, 82% used [0x00000007aea00000,0x00000007afcf8868,0x00000007b0100000)
  to   space 25088K, 0% used [0x00000007ad180000,0x00000007ad180000,0x00000007aea00000)
 ParOldGen       total 86016K, used 22200K [0x000000070b800000, 0x0000000710c00000, 0x0000000783d80000)
  object space 86016K, 25% used [0x000000070b800000,0x000000070cdae298,0x0000000710c00000)
 Metaspace       used 51578K, capacity 53840K, committed 53976K, reserved 1095680K
  class space    used 6657K, capacity 7078K, committed 7128K, reserved 1048576K
}
Event: 50.149 GC heap before
{Heap before GC invocations=29 (full 2):
 PSYoungGen      total 699392K, used 695266K [0x0000000783d80000, 0x00000007b0380000, 0x00000007c0000000)
  eden space 675840K, 100% used [0x0000000783d80000,0x00000007ad180000,0x00000007ad180000)
  from space 23552K, 82% used [0x00000007aea00000,0x00000007afcf8868,0x00000007b0100000)
  to   space 25088K, 0% used [0x00000007ad180000,0x00000007ad180000,0x00000007aea00000)
 ParOldGen       total 86016K, used 22200K [0x000000070b800000, 0x0000000710c00000, 0x0000000783d80000)
  object space 86016K, 25% used [0x000000070b800000,0x000000070cdae298,0x0000000710c00000)
 Metaspace       used 51850K, capacity 54096K, committed 54232K, reserved 1095680K
  class space    used 6657K, capacity 7078K, committed 7128K, reserved 1048576K
Event: 50.171 GC heap after
Heap after GC invocations=29 (full 2):
 PSYoungGen      total 700928K, used 20561K [0x0000000783d80000, 0x00000007b3780000, 0x00000007c0000000)
  eden space 675840K, 0% used [0x0000000783d80000,0x0000000783d80000,0x00000007ad180000)
  from space 25088K, 81% used [0x00000007ad180000,0x00000007ae594410,0x00000007aea00000)
  to   space 27136K, 0% used [0x00000007b1d00000,0x00000007b1d00000,0x00000007b3780000)
 ParOldGen       total 86016K, used 22200K [0x000000070b800000, 0x0000000710c00000, 0x0000000783d80000)
  object space 86016K, 25% used [0x000000070b800000,0x000000070cdae298,0x0000000710c00000)
 Metaspace       used 51850K, capacity 54096K, committed 54232K, reserved 1095680K
  class space    used 6657K, capacity 7078K, committed 7128K, reserved 1048576K
}
Event: 52.732 GC heap before
{Heap before GC invocations=30 (full 2):
 PSYoungGen      total 700928K, used 696401K [0x0000000783d80000, 0x00000007b3780000, 0x00000007c0000000)
  eden space 675840K, 100% used [0x0000000783d80000,0x00000007ad180000,0x00000007ad180000)
  from space 25088K, 81% used [0x00000007ad180000,0x00000007ae594410,0x00000007aea00000)
  to   space 27136K, 0% used [0x00000007b1d00000,0x00000007b1d00000,0x00000007b3780000)
 ParOldGen       total 86016K, used 22200K [0x000000070b800000, 0x0000000710c00000, 0x0000000783d80000)
  object space 86016K, 25% used [0x000000070b800000,0x000000070cdae298,0x0000000710c00000)
 Metaspace       used 51973K, capacity 54160K, committed 54232K, reserved 1095680K
  class space    used 6658K, capacity 7078K, committed 7128K, reserved 1048576K
Event: 52.752 GC heap after
Heap after GC invocations=30 (full 2):
 PSYoungGen      total 752640K, used 19659K [0x0000000783d80000, 0x00000007b3800000, 0x00000007c0000000)
  eden space 725504K, 0% used [0x0000000783d80000,0x0000000783d80000,0x00000007b0200000)
  from space 27136K, 72% used [0x00000007b1d00000,0x00000007b3032fa0,0x00000007b3780000)
  to   space 27648K, 0% used [0x00000007b0200000,0x00000007b0200000,0x00000007b1d00000)
 ParOldGen       total 86016K, used 22200K [0x000000070b800000, 0x0000000710c00000, 0x0000000783d80000)
  object space 86016K, 25% used [0x000000070b800000,0x000000070cdae298,0x0000000710c00000)
 Metaspace       used 51973K, capacity 54160K, committed 54232K, reserved 1095680K
  class space    used 6658K, capacity 7078K, committed 7128K, reserved 1048576K
}
Event: 55.355 GC heap before
{Heap before GC invocations=31 (full 2):
 PSYoungGen      total 752640K, used 745163K [0x0000000783d80000, 0x00000007b3800000, 0x00000007c0000000)
  eden space 725504K, 100% used [0x0000000783d80000,0x00000007b0200000,0x00000007b0200000)
  from space 27136K, 72% used [0x00000007b1d00000,0x00000007b3032fa0,0x00000007b3780000)
  to   space 27648K, 0% used [0x00000007b0200000,0x00000007b0200000,0x00000007b1d00000)
 ParOldGen       total 86016K, used 22200K [0x000000070b800000, 0x0000000710c00000, 0x0000000783d80000)
  object space 86016K, 25% used [0x000000070b800000,0x000000070cdae298,0x0000000710c00000)
 Metaspace       used 52035K, capacity 54288K, committed 54488K, reserved 1097728K
  class space    used 6659K, capacity 7078K, committed 7128K, reserved 1048576K
Event: 55.377 GC heap after
Heap after GC invocations=31 (full 2):
 PSYoungGen      total 753152K, used 20722K [0x0000000783d80000, 0x00000007b7000000, 0x00000007c0000000)
  eden space 725504K, 0% used [0x0000000783d80000,0x0000000783d80000,0x00000007b0200000)
  from space 27648K, 74% used [0x00000007b0200000,0x00000007b163cb08,0x00000007b1d00000)
  to   space 29184K, 0% used [0x00000007b5380000,0x00000007b5380000,0x00000007b7000000)
 ParOldGen       total 86016K, used 22672K [0x000000070b800000, 0x0000000710c00000, 0x0000000783d80000)
  object space 86016K, 26% used [0x000000070b800000,0x000000070ce24318,0x0000000710c00000)
 Metaspace       used 52035K, capacity 54288K, committed 54488K, reserved 1097728K
  class space    used 6659K, capacity 7078K, committed 7128K, reserved 1048576K
}
Event: 58.283 GC heap before
{Heap before GC invocations=32 (full 2):
 PSYoungGen      total 753152K, used 746226K [0x0000000783d80000, 0x00000007b7000000, 0x00000007c0000000)
  eden space 725504K, 100% used [0x0000000783d80000,0x00000007b0200000,0x00000007b0200000)
  from space 27648K, 74% used [0x00000007b0200000,0x00000007b163cb08,0x00000007b1d00000)
  to   space 29184K, 0% used [0x00000007b5380000,0x00000007b5380000,0x00000007b7000000)
 ParOldGen       total 86016K, used 22672K [0x000000070b800000, 0x0000000710c00000, 0x0000000783d80000)
  object space 86016K, 26% used [0x000000070b800000,0x000000070ce24318,0x0000000710c00000)
 Metaspace       used 52075K, capacity 54288K, committed 54488K, reserved 1097728K
  class space    used 6659K, capacity 7078K, committed 7128K, reserved 1048576K
Event: 58.304 GC heap after
Heap after GC invocations=32 (full 2):
 PSYoungGen      total 807936K, used 20103K [0x0000000783d80000, 0x00000007b7000000, 0x00000007c0000000)
  eden space 778752K, 0% used [0x0000000783d80000,0x0000000783d80000,0x00000007b3600000)
  from space 29184K, 68% used [0x00000007b5380000,0x00000007b6721d30,0x00000007b7000000)
  to   space 29696K, 0% used [0x00000007b3600000,0x00000007b3600000,0x00000007b5300000)
 ParOldGen       total 86016K, used 22888K [0x000000070b800000, 0x0000000710c00000, 0x0000000783d80000)
  object space 86016K, 26% used [0x000000070b800000,0x000000070ce5a348,0x0000000710c00000)
 Metaspace       used 52075K, capacity 54288K, committed 54488K, reserved 1097728K
  class space    used 6659K, capacity 7078K, committed 7128K, reserved 1048576K
}

