<?xml version="1.0" encoding="UTF-8"?>
<testsuite xmlns:xsi="http://www.w3.org/2001/XMLSchema-instance" xsi:noNamespaceSchemaLocation="https://maven.apache.org/surefire/maven-surefire-plugin/xsd/surefire-test-report.xsd" name="co.syscoop.soberano.rules.enforcer.generator.O1_RelationalGeneratorTest" time="20.447" tests="2" errors="0" skipped="0" failures="0">
  <properties>
[...]
</properties>
  <testcase name="testReadAndParse" classname="co.syscoop.soberano.rules.enforcer.generator.O1_RelationalGeneratorTest" time="0.411"/>
  <testcase name="testGenerateLogicalModel" classname="co.syscoop.soberano.rules.enforcer.generator.O1_RelationalGeneratorTest" time="18.259"/>
</testsuite>